This is pdfTeX, Version 3.1415926-2.3-1.40.12 (TeX Live 2011) (format=pdflatex 2011.7.3)  29 JUN 2013 17:54
entering extended mode
 \write18 enabled.
 file:line:error style messages enabled.
 %&-line parsing enabled.
**README_MrWindow.tex
(./README_MrWindow.tex
LaTeX2e <2009/09/24>
Babel <v3.8l> and hyphenation patterns for english, dumylang, nohyphenation, ge
rman-x-2009-06-19, ngerman-x-2009-06-19, afrikaans, ancientgreek, ibycus, arabi
c, armenian, basque, bulgarian, catalan, pinyin, coptic, croatian, czech, danis
h, dutch, ukenglish, usenglishmax, esperanto, estonian, ethiopic, farsi, finnis
h, french, galician, german, ngerman, swissgerman, monogreek, greek, hungarian,
 icelandic, assamese, bengali, gujarati, hindi, kannada, malayalam, marathi, or
iya, panjabi, tamil, telugu, indonesian, interlingua, irish, italian, kurmanji,
 lao, latin, latvian, lithuanian, mongolian, mongolianlmc, bokmal, nynorsk, pol
ish, portuguese, romanian, russian, sanskrit, serbian, serbianc, slovak, sloven
ian, spanish, swedish, turkish, turkmen, ukrainian, uppersorbian, welsh, loaded
.
(/usr/local/texlive/2011/texmf-dist/tex/latex/base/article.cls
Document Class: article 2007/10/19 v1.4h Standard LaTeX document class
(/usr/local/texlive/2011/texmf-dist/tex/latex/base/size12.clo
File: size12.clo 2007/10/19 v1.4h Standard LaTeX file (size option)
)
\c@part=\count79
\c@section=\count80
\c@subsection=\count81
\c@subsubsection=\count82
\c@paragraph=\count83
\c@subparagraph=\count84
\c@figure=\count85
\c@table=\count86
\abovecaptionskip=\skip41
\belowcaptionskip=\skip42
\bibindent=\dimen102
)
(/usr/local/texlive/2011/texmf-dist/tex/latex/parskip/parskip.sty
Package: parskip 2001/04/09 non-zero parskip adjustments
)
(/usr/local/texlive/2011/texmf-dist/tex/latex/amsmath/amsmath.sty
Package: amsmath 2000/07/18 v2.13 AMS math features
\@mathmargin=\skip43

For additional information on amsmath, use the `?' option.
(/usr/local/texlive/2011/texmf-dist/tex/latex/amsmath/amstext.sty
Package: amstext 2000/06/29 v2.01

(/usr/local/texlive/2011/texmf-dist/tex/latex/amsmath/amsgen.sty
File: amsgen.sty 1999/11/30 v2.0
\@emptytoks=\toks14
\ex@=\dimen103
))
(/usr/local/texlive/2011/texmf-dist/tex/latex/amsmath/amsbsy.sty
Package: amsbsy 1999/11/29 v1.2d
\pmbraise@=\dimen104
)
(/usr/local/texlive/2011/texmf-dist/tex/latex/amsmath/amsopn.sty
Package: amsopn 1999/12/14 v2.01 operator names
)
\inf@bad=\count87
LaTeX Info: Redefining \frac on input line 211.
\uproot@=\count88
\leftroot@=\count89
LaTeX Info: Redefining \overline on input line 307.
\classnum@=\count90
\DOTSCASE@=\count91
LaTeX Info: Redefining \ldots on input line 379.
LaTeX Info: Redefining \dots on input line 382.
LaTeX Info: Redefining \cdots on input line 467.
\Mathstrutbox@=\box26
\strutbox@=\box27
\big@size=\dimen105
LaTeX Font Info:    Redeclaring font encoding OML on input line 567.
LaTeX Font Info:    Redeclaring font encoding OMS on input line 568.
\macc@depth=\count92
\c@MaxMatrixCols=\count93
\dotsspace@=\muskip10
\c@parentequation=\count94
\dspbrk@lvl=\count95
\tag@help=\toks15
\row@=\count96
\column@=\count97
\maxfields@=\count98
\andhelp@=\toks16
\eqnshift@=\dimen106
\alignsep@=\dimen107
\tagshift@=\dimen108
\tagwidth@=\dimen109
\totwidth@=\dimen110
\lineht@=\dimen111
\@envbody=\toks17
\multlinegap=\skip44
\multlinetaggap=\skip45
\mathdisplay@stack=\toks18
LaTeX Info: Redefining \[ on input line 2666.
LaTeX Info: Redefining \] on input line 2667.
)
(/usr/local/texlive/2011/texmf-dist/tex/latex/graphics/graphicx.sty
Package: graphicx 1999/02/16 v1.0f Enhanced LaTeX Graphics (DPC,SPQR)

(/usr/local/texlive/2011/texmf-dist/tex/latex/graphics/keyval.sty
Package: keyval 1999/03/16 v1.13 key=value parser (DPC)
\KV@toks@=\toks19
)
(/usr/local/texlive/2011/texmf-dist/tex/latex/graphics/graphics.sty
Package: graphics 2009/02/05 v1.0o Standard LaTeX Graphics (DPC,SPQR)

(/usr/local/texlive/2011/texmf-dist/tex/latex/graphics/trig.sty
Package: trig 1999/03/16 v1.09 sin cos tan (DPC)
)
(/usr/local/texlive/2011/texmf-dist/tex/latex/latexconfig/graphics.cfg
File: graphics.cfg 2010/04/23 v1.9 graphics configuration of TeX Live
)
Package graphics Info: Driver file: pdftex.def on input line 91.

(/usr/local/texlive/2011/texmf-dist/tex/latex/pdftex-def/pdftex.def
File: pdftex.def 2011/05/27 v0.06d Graphics/color for pdfTeX

(/usr/local/texlive/2011/texmf-dist/tex/generic/oberdiek/infwarerr.sty
Package: infwarerr 2010/04/08 v1.3 Providing info/warning/message (HO)
)
(/usr/local/texlive/2011/texmf-dist/tex/generic/oberdiek/ltxcmds.sty
Package: ltxcmds 2011/04/18 v1.20 LaTeX kernel commands for general use (HO)
)
\Gread@gobject=\count99
))
\Gin@req@height=\dimen112
\Gin@req@width=\dimen113
)
(/usr/local/texlive/2011/texmf-dist/tex/latex/hyperref/hyperref.sty
Package: hyperref 2011/04/17 v6.82g Hypertext links for LaTeX

(/usr/local/texlive/2011/texmf-dist/tex/generic/oberdiek/hobsub-hyperref.sty
Package: hobsub-hyperref 2011/04/23 v1.4 Bundle oberdiek, subset hyperref (HO)

(/usr/local/texlive/2011/texmf-dist/tex/generic/oberdiek/hobsub-generic.sty
Package: hobsub-generic 2011/04/23 v1.4 Bundle oberdiek, subset generic (HO)
Package: hobsub 2011/04/23 v1.4 Subsetting bundle oberdiek (HO)
Package hobsub Info: Skipping package `infwarerr' (already loaded).
Package hobsub Info: Skipping package `ltxcmds' (already loaded).
Package: ifluatex 2010/03/01 v1.3 Provides the ifluatex switch (HO)
Package ifluatex Info: LuaTeX not detected.
Package: ifvtex 2010/03/01 v1.5 Switches for detecting VTeX and its modes (HO)
Package ifvtex Info: VTeX not detected.
Package: intcalc 2007/09/27 v1.1 Expandable integer calculations (HO)
Package: ifpdf 2011/01/30 v2.3 Provides the ifpdf switch (HO)
Package ifpdf Info: pdfTeX in PDF mode is detected.
Package: etexcmds 2011/02/16 v1.5 Prefix for e-TeX command names (HO)
Package etexcmds Info: Could not find \expanded.
(etexcmds)             That can mean that you are not using pdfTeX 1.50 or
(etexcmds)             that some package has redefined \expanded.
(etexcmds)             In the latter case, load this package earlier.
Package: kvsetkeys 2011/04/07 v1.13 Key value parser (HO)
Package: kvdefinekeys 2011/04/07 v1.3 Defining keys (HO)
Package: pdftexcmds 2011/04/22 v0.16 Utilities of pdfTeX for LuaTeX (HO)
Package pdftexcmds Info: LuaTeX not detected.
Package pdftexcmds Info: \pdf@primitive is available.
Package pdftexcmds Info: \pdf@ifprimitive is available.
Package pdftexcmds Info: \pdfdraftmode found.
Package: pdfescape 2011/04/04 v1.12 Provides string conversions (HO)
Package: bigintcalc 2011/01/30 v1.2 Expandable big integer calculations (HO)
Package: bitset 2011/01/30 v1.1 Data type bit set (HO)
Package: uniquecounter 2011/01/30 v1.2 Provides unlimited unique counter (HO)
)
Package hobsub Info: Skipping package `hobsub' (already loaded).
Package: letltxmacro 2010/09/02 v1.4 Let assignment for LaTeX macros (HO)
Package: hopatch 2011/01/30 v1.0 Wrapper for package hooks (HO)
Package: xcolor-patch 2011/01/30 xcolor patch
Package: atveryend 2011/04/23 v1.7 Hooks at very end of document (HO)
Package atveryend Info: \enddocument detected (standard).
Package: atbegshi 2011/01/30 v1.15 At begin shipout hook (HO)
Package: refcount 2010/12/01 v3.2 Data extraction from references (HO)
Package: hycolor 2011/01/30 v1.7 Color options of hyperref/bookmark (HO)
)
(/usr/local/texlive/2011/texmf-dist/tex/generic/ifxetex/ifxetex.sty
Package: ifxetex 2010/09/12 v0.6 Provides ifxetex conditional
)
(/usr/local/texlive/2011/texmf-dist/tex/latex/oberdiek/kvoptions.sty
Package: kvoptions 2010/12/23 v3.10 Keyval support for LaTeX options (HO)
)
\@linkdim=\dimen114
\Hy@linkcounter=\count100
\Hy@pagecounter=\count101

(/usr/local/texlive/2011/texmf-dist/tex/latex/hyperref/pd1enc.def
File: pd1enc.def 2011/04/17 v6.82g Hyperref: PDFDocEncoding definition (HO)
)
\Hy@SavedSpaceFactor=\count102

(/usr/local/texlive/2011/texmf-dist/tex/latex/latexconfig/hyperref.cfg
File: hyperref.cfg 2002/06/06 v1.2 hyperref configuration of TeXLive
)
Package hyperref Info: Option `colorlinks' set `true' on input line 3905.
Package hyperref Info: Hyper figures OFF on input line 4026.
Package hyperref Info: Link nesting OFF on input line 4031.
Package hyperref Info: Hyper index ON on input line 4034.
Package hyperref Info: Plain pages OFF on input line 4041.
Package hyperref Info: Backreferencing OFF on input line 4046.
Package hyperref Info: Implicit mode ON; LaTeX internals redefined.
Package hyperref Info: Bookmarks ON on input line 4264.
\c@Hy@tempcnt=\count103

(/usr/local/texlive/2011/texmf-dist/tex/latex/url/url.sty
\Urlmuskip=\muskip11
Package: url 2006/04/12  ver 3.3  Verb mode for urls, etc.
)
LaTeX Info: Redefining \url on input line 4617.
\Fld@menulength=\count104
\Field@Width=\dimen115
\Fld@charsize=\dimen116
Package hyperref Info: Hyper figures OFF on input line 5701.
Package hyperref Info: Link nesting OFF on input line 5706.
Package hyperref Info: Hyper index ON on input line 5709.
Package hyperref Info: backreferencing OFF on input line 5716.
Package hyperref Info: Link coloring ON on input line 5719.
Package hyperref Info: Link coloring with OCG OFF on input line 5726.
Package hyperref Info: PDF/A mode OFF on input line 5731.
LaTeX Info: Redefining \ref on input line 5771.
LaTeX Info: Redefining \pageref on input line 5775.
\Hy@abspage=\count105
\c@Item=\count106
\c@Hfootnote=\count107
)

Package hyperref Message: Driver (autodetected): hpdftex.

(/usr/local/texlive/2011/texmf-dist/tex/latex/hyperref/hpdftex.def
File: hpdftex.def 2011/04/17 v6.82g Hyperref driver for pdfTeX
\Fld@listcount=\count108
\c@bookmark@seq@number=\count109

(/usr/local/texlive/2011/texmf-dist/tex/latex/oberdiek/rerunfilecheck.sty
Package: rerunfilecheck 2011/04/15 v1.7 Rerun checks for auxiliary files (HO)
Package uniquecounter Info: New unique counter `rerunfilecheck' on input line 2
82.
)
\Hy@SectionHShift=\skip46
)
(/usr/local/texlive/2011/texmf-dist/tex/latex/listings/listings.sty
\lst@mode=\count110
\lst@gtempboxa=\box28
\lst@token=\toks20
\lst@length=\count111
\lst@currlwidth=\dimen117
\lst@column=\count112
\lst@pos=\count113
\lst@lostspace=\dimen118
\lst@width=\dimen119
\lst@newlines=\count114
\lst@lineno=\count115
\lst@maxwidth=\dimen120

(/usr/local/texlive/2011/texmf-dist/tex/latex/listings/lstmisc.sty
File: lstmisc.sty 2007/02/22 1.4 (Carsten Heinz)
\c@lstnumber=\count116
\lst@skipnumbers=\count117
\lst@framebox=\box29
)
(/usr/local/texlive/2011/texmf-dist/tex/latex/listings/listings.cfg
File: listings.cfg 2007/02/22 1.4 listings configuration
))
Package: listings 2007/02/22 1.4 (Carsten Heinz)

(/usr/local/texlive/2011/texmf-dist/tex/latex/graphics/color.sty
Package: color 2005/11/14 v1.0j Standard LaTeX Color (DPC)

(/usr/local/texlive/2011/texmf-dist/tex/latex/latexconfig/color.cfg
File: color.cfg 2007/01/18 v1.5 color configuration of teTeX/TeXLive
)
Package color Info: Driver file: pdftex.def on input line 130.
)
(./README_MrWindow.aux)
\openout1 = `README_MrWindow.aux'.

LaTeX Font Info:    Checking defaults for OML/cmm/m/it on input line 28.
LaTeX Font Info:    ... okay on input line 28.
LaTeX Font Info:    Checking defaults for T1/cmr/m/n on input line 28.
LaTeX Font Info:    ... okay on input line 28.
LaTeX Font Info:    Checking defaults for OT1/cmr/m/n on input line 28.
LaTeX Font Info:    ... okay on input line 28.
LaTeX Font Info:    Checking defaults for OMS/cmsy/m/n on input line 28.
LaTeX Font Info:    ... okay on input line 28.
LaTeX Font Info:    Checking defaults for OMX/cmex/m/n on input line 28.
LaTeX Font Info:    ... okay on input line 28.
LaTeX Font Info:    Checking defaults for U/cmr/m/n on input line 28.
LaTeX Font Info:    ... okay on input line 28.
LaTeX Font Info:    Checking defaults for PD1/pdf/m/n on input line 28.
LaTeX Font Info:    ... okay on input line 28.

(/usr/local/texlive/2011/texmf-dist/tex/context/base/supp-pdf.mkii
[Loading MPS to PDF converter (version 2006.09.02).]
\scratchcounter=\count118
\scratchdimen=\dimen121
\scratchbox=\box30
\nofMPsegments=\count119
\nofMParguments=\count120
\everyMPshowfont=\toks21
\MPscratchCnt=\count121
\MPscratchDim=\dimen122
\MPnumerator=\count122
\makeMPintoPDFobject=\count123
\everyMPtoPDFconversion=\toks22
) (/usr/local/texlive/2011/texmf-dist/tex/latex/oberdiek/epstopdf-base.sty
Package: epstopdf-base 2010/02/09 v2.5 Base part for package epstopdf

(/usr/local/texlive/2011/texmf-dist/tex/latex/oberdiek/grfext.sty
Package: grfext 2010/08/19 v1.1 Managing graphics extensions (HO)
)
Package grfext Info: Graphics extension search list:
(grfext)             [.png,.pdf,.jpg,.mps,.jpeg,.jbig2,.jb2,.PNG,.PDF,.JPG,.JPE
G,.JBIG2,.JB2,.eps]
(grfext)             \AppendGraphicsExtensions on input line 452.

(/usr/local/texlive/2011/texmf-dist/tex/latex/latexconfig/epstopdf-sys.cfg
File: epstopdf-sys.cfg 2010/07/13 v1.3 Configuration of (r)epstopdf for TeX Liv
e
))
\AtBeginShipoutBox=\box31
Package hyperref Info: Link coloring ON on input line 28.

(/usr/local/texlive/2011/texmf-dist/tex/latex/hyperref/nameref.sty
Package: nameref 2010/04/30 v2.40 Cross-referencing by name of section

(/usr/local/texlive/2011/texmf-dist/tex/generic/oberdiek/gettitlestring.sty
Package: gettitlestring 2010/12/03 v1.4 Cleanup title references (HO)
)
\c@section@level=\count124
)
LaTeX Info: Redefining \ref on input line 28.
LaTeX Info: Redefining \pageref on input line 28.
LaTeX Info: Redefining \nameref on input line 28.

(./README_MrWindow.out) (./README_MrWindow.out)
\@outlinefile=\write3
\openout3 = `README_MrWindow.out'.

\c@lstlisting=\count125
 (./README_MrWindow.toc)
\tf@toc=\write4
\openout4 = `README_MrWindow.toc'.


[1

{/usr/local/texlive/2011/texmf-var/fonts/map/pdftex/updmap/pdftex.map}]
Overfull \hbox (2.1246pt too wide) in paragraph at lines 49--50
[]\OT1/cmr/m/n/12 THIS SOFT-WARE IS PRO-VIDED BY THE COPY-RIGHT HOLD-ERS AND
 []


Overfull \hbox (5.97406pt too wide) in paragraph at lines 61--62
[][][][][][][][][][][][][] 
 []

[2]
LaTeX Font Info:    Try loading font information for OMS+cmr on input line 86.
 (/usr/local/texlive/2011/texmf-dist/tex/latex/base/omscmr.fd
File: omscmr.fd 1999/05/25 v2.5h Standard LaTeX font definitions
)
LaTeX Font Info:    Font shape `OMS/cmr/m/n' in size <12> not available
(Font)              Font shape `OMS/cmsy/m/n' tried instead on input line 86.

Overfull \hbox (45.92372pt too wide) in paragraph at lines 86--87
[][][][][][][][][][][][][][][][][][][][][][][] 
 []

<./figures/MrWindow_new.png, id=91, 640.3925pt x 454.69875pt>
File: ./figures/MrWindow_new.png Graphic file (type png)

<use ./figures/MrWindow_new.png>
Package pdftex.def Info: ./figures/MrWindow_new.png used on input line 112.
(pdftex.def)             Requested size: 155.99762pt x 110.76038pt.


LaTeX Warning: `!h' float specifier changed to `!ht'.

LaTeX Font Info:    Try loading font information for OML+cmr on input line 124.

(/usr/local/texlive/2011/texmf-dist/tex/latex/base/omlcmr.fd
File: omlcmr.fd 1999/05/25 v2.5h Standard LaTeX font definitions
)
LaTeX Font Info:    Font shape `OML/cmr/m/n' in size <12> not available
(Font)              Font shape `OML/cmm/m/it' tried instead on input line 124.

Overfull \hbox (181.04901pt too wide) in paragraph at lines 124--125
[][][][][][][][][][][][][][][][][][][][][][][][][][][][][][][][][][][][] 
 []

<./figures/Sine-wave.png, id=93, 640.3925pt x 454.69875pt>
File: ./figures/Sine-wave.png Graphic file (type png)

<use ./figures/Sine-wave.png>
Package pdftex.def Info: ./figures/Sine-wave.png used on input line 129.
(pdftex.def)             Requested size: 195.0pt x 138.45049pt.


LaTeX Warning: `!h' float specifier changed to `!ht'.

[3]
Overfull \hbox (230.39893pt too wide) in paragraph at lines 140--141
[][][][][][][][][][][][][][][][][][][][][][][][][][][][][][][][][][][][][][] 
 []

<./figures/Sine-Cosine-Wrong-Title.png, id=119, 640.3925pt x 454.69875pt>
File: ./figures/Sine-Cosine-Wrong-Title.png Graphic file (type png)

<use ./figures/Sine-Cosine-Wrong-Title.png>
Package pdftex.def Info: ./figures/Sine-Cosine-Wrong-Title.png used on input li
ne 145.
(pdftex.def)             Requested size: 195.0pt x 138.45049pt.


LaTeX Warning: `!h' float specifier changed to `!ht'.


Overfull \hbox (68.2492pt too wide) in paragraph at lines 154--155
[][][][][][][][][][][][][][][][][][][][][][][][][][][][][][][] 
 []

<./figures/whichObjects.png, id=120, 394.47375pt x 132.495pt>
File: ./figures/whichObjects.png Graphic file (type png)

<use ./figures/whichObjects.png>
Package pdftex.def Info: ./figures/whichObjects.png used on input line 160.
(pdftex.def)             Requested size: 292.5pt x 98.24489pt.


LaTeX Warning: `!h' float specifier changed to `!ht'.


Overfull \hbox (223.34894pt too wide) in paragraph at lines 167--168
[][][][][][][][][][][][][][][][][][][][][][][][][][][][][][][][][] 
 []

<./figures/Sine-Cosine-Correct-Title.png, id=121, 640.3925pt x 454.69875pt>
File: ./figures/Sine-Cosine-Correct-Title.png Graphic file (type png)

<use ./figures/Sine-Cosine-Correct-Title.png>
Package pdftex.def Info: ./figures/Sine-Cosine-Correct-Title.png used on input 
line 172.
(pdftex.def)             Requested size: 292.5pt x 207.68613pt.


LaTeX Warning: `!h' float specifier changed to `!ht'.

[4 <./figures/MrWindow_new.png> <./figures/Sine-wave.png>]
Overfull \hbox (61.19922pt too wide) in paragraph at lines 183--184
[][][][][][][][][][][][][][][][][][][][][][][][][][][][][][] 
 []

<./figures/Zoom-Menu.png, id=140, 382.42876pt x 214.8025pt>
File: ./figures/Zoom-Menu.png Graphic file (type png)

<use ./figures/Zoom-Menu.png>
Package pdftex.def Info: ./figures/Zoom-Menu.png used on input line 193.
(pdftex.def)             Requested size: 292.5pt x 164.30043pt.


LaTeX Warning: `!h' float specifier changed to `!ht'.

[5 <./figures/Sine-Cosine-Wrong-Title.png> <./figures/whichObjects.png>]
Overfull \hbox (159.89905pt too wide) in paragraph at lines 205--206
[][][][][][][][][][][][][][][][][][][][][][][][][][][][][][][][][][] 
 []

[6 <./figures/Sine-Cosine-Correct-Title.png> <./figures/Zoom-Menu.png>]
Overfull \hbox (237.44891pt too wide) in paragraph at lines 206--207
[][][][][][][][][][][][][][][][][][][][][][] 
 []

<./figures/Add-Image.png, id=165, 640.3925pt x 454.69875pt>
File: ./figures/Add-Image.png Graphic file (type png)

<use ./figures/Add-Image.png>
Package pdftex.def Info: ./figures/Add-Image.png used on input line 211.
(pdftex.def)             Requested size: 195.0pt x 138.45049pt.

Overfull \hbox (54.14923pt too wide) in paragraph at lines 220--221
[][][][][][][][][][][][][][][][][][][][][] 
 []

<./figures/Adjust-Layout.png, id=166, 640.3925pt x 454.69875pt>
File: ./figures/Adjust-Layout.png Graphic file (type png)

<use ./figures/Adjust-Layout.png>
Package pdftex.def Info: ./figures/Adjust-Layout.png used on input line 225.
(pdftex.def)             Requested size: 195.0pt x 138.45049pt.

Overfull \hbox (216.29895pt too wide) in paragraph at lines 233--234
[][][][][][][][][][][][][][][][][][][][][][][][][][][][][][][][][] 
 []

<./figures/Add-Colorbar.png, id=167, 640.3925pt x 454.69875pt>
File: ./figures/Add-Colorbar.png Graphic file (type png)

<use ./figures/Add-Colorbar.png>
Package pdftex.def Info: ./figures/Add-Colorbar.png used on input line 238.
(pdftex.def)             Requested size: 195.0pt x 138.45049pt.


LaTeX Warning: `!h' float specifier changed to `!ht'.

[7 <./figures/Add-Image.png> <./figures/Adjust-Layout.png>]
Overfull \hbox (4.79932pt too wide) in paragraph at lines 246--247
[][][][][][][][][][][][][][][][][][][][][][][] 
 []


Overfull \hbox (152.84906pt too wide) in paragraph at lines 268--269
[][][][][][][][][][][][][][][][][][][][][][][][][][][][][][][][][][][][] 
 []

Package atveryend Info: Empty hook `BeforeClearDocument' on input line 282.
[8 <./figures/Add-Colorbar.png>]
Package atveryend Info: Empty hook `AfterLastShipout' on input line 282.
 (./README_MrWindow.aux)
Package atveryend Info: Executing hook `AtVeryEndDocument' on input line 282.
Package atveryend Info: Executing hook `AtEndAfterFileList' on input line 282.
Package rerunfilecheck Info: File `README_MrWindow.out' has not changed.
(rerunfilecheck)             Checksum: 91A2C2E8CDDB683B16022985B5D0A066;817.
Package atveryend Info: Empty hook `AtVeryVeryEnd' on input line 282.
 ) 
Here is how much of TeX's memory you used:
 6931 strings out of 493633
 101944 string characters out of 3143378
 194418 words of memory out of 3000000
 10067 multiletter control sequences out of 15000+200000
 10808 words of font info for 39 fonts, out of 3000000 for 9000
 831 hyphenation exceptions out of 8191
 29i,6n,32p,777b,1620s stack positions out of 5000i,500n,10000p,200000b,50000s
</usr/local/texlive/2011/texmf-dist/fonts/type1/public/amsfonts/cm/cmbx12.pfb
></usr/local/texlive/2011/texmf-dist/fonts/type1/public/amsfonts/cm/cmbxti10.pf
b></usr/local/texlive/2011/texmf-dist/fonts/type1/public/amsfonts/cm/cmmi12.pfb
></usr/local/texlive/2011/texmf-dist/fonts/type1/public/amsfonts/cm/cmr12.pfb><
/usr/local/texlive/2011/texmf-dist/fonts/type1/public/amsfonts/cm/cmr17.pfb></u
sr/local/texlive/2011/texmf-dist/fonts/type1/public/amsfonts/cm/cmsy10.pfb></us
r/local/texlive/2011/texmf-dist/fonts/type1/public/amsfonts/cm/cmti12.pfb></usr
/local/texlive/2011/texmf-dist/fonts/type1/public/amsfonts/cm/cmtt12.pfb>
Output written on README_MrWindow.pdf (8 pages, 244296 bytes).
PDF statistics:
 252 PDF objects out of 1000 (max. 8388607)
 215 compressed objects within 3 object streams
 95 named destinations out of 1000 (max. 500000)
 150 words of extra memory for PDF output out of 10000 (max. 10000000)

